2020-01-16 18:04:11.601 [main] INFO  org.reflections.Reflections.scan(232) - Reflections took 5297 ms to scan 115 urls, producing 14242 keys and 74446 values 
2020-01-16 18:04:11.646 [main] WARN  org.reflections.Reflections.forName(396) - could not get type for name org.eclipse.swt.events.ControlListener from any class loader
org.reflections.ReflectionsException: could not get type for name org.eclipse.swt.events.ControlListener
	at org.reflections.ReflectionUtils.forName(ReflectionUtils.java:390)
	at org.reflections.Reflections.expandSuperTypes(Reflections.java:381)
	at org.reflections.Reflections.<init>(Reflections.java:126)
	at com.thoughtworks.gauge.scan.ClasspathScanner.createReflections(ClasspathScanner.java:66)
	at com.thoughtworks.gauge.scan.ClasspathScanner.scan(ClasspathScanner.java:41)
	at com.thoughtworks.gauge.GaugeRuntime.connectSynchronously(GaugeRuntime.java:80)
	at com.thoughtworks.gauge.GaugeRuntime.main(GaugeRuntime.java:57)
Caused by: java.lang.ClassNotFoundException: org.eclipse.swt.events.ControlListener
	at java.net.URLClassLoader.findClass(URLClassLoader.java:382)
	at java.lang.ClassLoader.loadClass(ClassLoader.java:418)
	at sun.misc.Launcher$AppClassLoader.loadClass(Launcher.java:355)
	at java.lang.ClassLoader.loadClass(ClassLoader.java:351)
	at org.reflections.ReflectionUtils.forName(ReflectionUtils.java:388)
	... 6 common frames omitted
2020-01-16 18:04:11.672 [main] WARN  org.reflections.Reflections.forName(396) - could not get type for name org.codehaus.groovy.runtime.GeneratedClosure from any class loader
org.reflections.ReflectionsException: could not get type for name org.codehaus.groovy.runtime.GeneratedClosure
	at org.reflections.ReflectionUtils.forName(ReflectionUtils.java:390)
	at org.reflections.Reflections.expandSuperTypes(Reflections.java:381)
	at org.reflections.Reflections.<init>(Reflections.java:126)
	at com.thoughtworks.gauge.scan.ClasspathScanner.createReflections(ClasspathScanner.java:66)
	at com.thoughtworks.gauge.scan.ClasspathScanner.scan(ClasspathScanner.java:41)
	at com.thoughtworks.gauge.GaugeRuntime.connectSynchronously(GaugeRuntime.java:80)
	at com.thoughtworks.gauge.GaugeRuntime.main(GaugeRuntime.java:57)
Caused by: java.lang.ClassNotFoundException: org.codehaus.groovy.runtime.GeneratedClosure
	at java.net.URLClassLoader.findClass(URLClassLoader.java:382)
	at java.lang.ClassLoader.loadClass(ClassLoader.java:418)
	at sun.misc.Launcher$AppClassLoader.loadClass(Launcher.java:355)
	at java.lang.ClassLoader.loadClass(ClassLoader.java:351)
	at org.reflections.ReflectionUtils.forName(ReflectionUtils.java:388)
	... 6 common frames omitted
2020-01-16 18:04:11.719 [main] WARN  org.reflections.Reflections.forName(396) - could not get type for name javax.validation.MessageInterpolator from any class loader
org.reflections.ReflectionsException: could not get type for name javax.validation.MessageInterpolator
	at org.reflections.ReflectionUtils.forName(ReflectionUtils.java:390)
	at org.reflections.Reflections.expandSuperTypes(Reflections.java:381)
	at org.reflections.Reflections.<init>(Reflections.java:126)
	at com.thoughtworks.gauge.scan.ClasspathScanner.createReflections(ClasspathScanner.java:66)
	at com.thoughtworks.gauge.scan.ClasspathScanner.scan(ClasspathScanner.java:41)
	at com.thoughtworks.gauge.GaugeRuntime.connectSynchronously(GaugeRuntime.java:80)
	at com.thoughtworks.gauge.GaugeRuntime.main(GaugeRuntime.java:57)
Caused by: java.lang.ClassNotFoundException: javax.validation.MessageInterpolator
	at java.net.URLClassLoader.findClass(URLClassLoader.java:382)
	at java.lang.ClassLoader.loadClass(ClassLoader.java:418)
	at sun.misc.Launcher$AppClassLoader.loadClass(Launcher.java:355)
	at java.lang.ClassLoader.loadClass(ClassLoader.java:351)
	at org.reflections.ReflectionUtils.forName(ReflectionUtils.java:388)
	... 6 common frames omitted
2020-01-16 18:04:11.725 [main] WARN  org.reflections.Reflections.forName(396) - could not get type for name javax.validation.Validator from any class loader
org.reflections.ReflectionsException: could not get type for name javax.validation.Validator
	at org.reflections.ReflectionUtils.forName(ReflectionUtils.java:390)
	at org.reflections.Reflections.expandSuperTypes(Reflections.java:381)
	at org.reflections.Reflections.<init>(Reflections.java:126)
	at com.thoughtworks.gauge.scan.ClasspathScanner.createReflections(ClasspathScanner.java:66)
	at com.thoughtworks.gauge.scan.ClasspathScanner.scan(ClasspathScanner.java:41)
	at com.thoughtworks.gauge.GaugeRuntime.connectSynchronously(GaugeRuntime.java:80)
	at com.thoughtworks.gauge.GaugeRuntime.main(GaugeRuntime.java:57)
Caused by: java.lang.ClassNotFoundException: javax.validation.Validator
	at java.net.URLClassLoader.findClass(URLClassLoader.java:382)
	at java.lang.ClassLoader.loadClass(ClassLoader.java:418)
	at sun.misc.Launcher$AppClassLoader.loadClass(Launcher.java:355)
	at java.lang.ClassLoader.loadClass(ClassLoader.java:351)
	at org.reflections.ReflectionUtils.forName(ReflectionUtils.java:388)
	... 6 common frames omitted
2020-01-16 18:04:11.801 [main] WARN  org.reflections.Reflections.forName(396) - could not get type for name org.eclipse.swt.dnd.DragSourceListener from any class loader
org.reflections.ReflectionsException: could not get type for name org.eclipse.swt.dnd.DragSourceListener
	at org.reflections.ReflectionUtils.forName(ReflectionUtils.java:390)
	at org.reflections.Reflections.expandSuperTypes(Reflections.java:381)
	at org.reflections.Reflections.<init>(Reflections.java:126)
	at com.thoughtworks.gauge.scan.ClasspathScanner.createReflections(ClasspathScanner.java:66)
	at com.thoughtworks.gauge.scan.ClasspathScanner.scan(ClasspathScanner.java:41)
	at com.thoughtworks.gauge.GaugeRuntime.connectSynchronously(GaugeRuntime.java:80)
	at com.thoughtworks.gauge.GaugeRuntime.main(GaugeRuntime.java:57)
Caused by: java.lang.ClassNotFoundException: org.eclipse.swt.dnd.DragSourceListener
	at java.net.URLClassLoader.findClass(URLClassLoader.java:382)
	at java.lang.ClassLoader.loadClass(ClassLoader.java:418)
	at sun.misc.Launcher$AppClassLoader.loadClass(Launcher.java:355)
	at java.lang.ClassLoader.loadClass(ClassLoader.java:351)
	at org.reflections.ReflectionUtils.forName(ReflectionUtils.java:388)
	... 6 common frames omitted
2020-01-16 18:04:11.807 [main] WARN  org.reflections.Reflections.forName(396) - could not get type for name org.eclipse.swt.events.MouseListener from any class loader
org.reflections.ReflectionsException: could not get type for name org.eclipse.swt.events.MouseListener
	at org.reflections.ReflectionUtils.forName(ReflectionUtils.java:390)
	at org.reflections.Reflections.expandSuperTypes(Reflections.java:381)
	at org.reflections.Reflections.<init>(Reflections.java:126)
	at com.thoughtworks.gauge.scan.ClasspathScanner.createReflections(ClasspathScanner.java:66)
	at com.thoughtworks.gauge.scan.ClasspathScanner.scan(ClasspathScanner.java:41)
	at com.thoughtworks.gauge.GaugeRuntime.connectSynchronously(GaugeRuntime.java:80)
	at com.thoughtworks.gauge.GaugeRuntime.main(GaugeRuntime.java:57)
Caused by: java.lang.ClassNotFoundException: org.eclipse.swt.events.MouseListener
	at java.net.URLClassLoader.findClass(URLClassLoader.java:382)
	at java.lang.ClassLoader.loadClass(ClassLoader.java:418)
	at sun.misc.Launcher$AppClassLoader.loadClass(Launcher.java:355)
	at java.lang.ClassLoader.loadClass(ClassLoader.java:351)
	at org.reflections.ReflectionUtils.forName(ReflectionUtils.java:388)
	... 6 common frames omitted
2020-01-16 18:04:11.920 [main] WARN  org.reflections.Reflections.forName(396) - could not get type for name org.eclipse.swt.events.MouseTrackListener from any class loader
org.reflections.ReflectionsException: could not get type for name org.eclipse.swt.events.MouseTrackListener
	at org.reflections.ReflectionUtils.forName(ReflectionUtils.java:390)
	at org.reflections.Reflections.expandSuperTypes(Reflections.java:381)
	at org.reflections.Reflections.<init>(Reflections.java:126)
	at com.thoughtworks.gauge.scan.ClasspathScanner.createReflections(ClasspathScanner.java:66)
	at com.thoughtworks.gauge.scan.ClasspathScanner.scan(ClasspathScanner.java:41)
	at com.thoughtworks.gauge.GaugeRuntime.connectSynchronously(GaugeRuntime.java:80)
	at com.thoughtworks.gauge.GaugeRuntime.main(GaugeRuntime.java:57)
Caused by: java.lang.ClassNotFoundException: org.eclipse.swt.events.MouseTrackListener
	at java.net.URLClassLoader.findClass(URLClassLoader.java:382)
	at java.lang.ClassLoader.loadClass(ClassLoader.java:418)
	at sun.misc.Launcher$AppClassLoader.loadClass(Launcher.java:355)
	at java.lang.ClassLoader.loadClass(ClassLoader.java:351)
	at org.reflections.ReflectionUtils.forName(ReflectionUtils.java:388)
	... 6 common frames omitted
2020-01-16 18:04:11.934 [main] WARN  org.reflections.Reflections.forName(396) - could not get type for name org.eclipse.swt.dnd.ByteArrayTransfer from any class loader
org.reflections.ReflectionsException: could not get type for name org.eclipse.swt.dnd.ByteArrayTransfer
	at org.reflections.ReflectionUtils.forName(ReflectionUtils.java:390)
	at org.reflections.Reflections.expandSuperTypes(Reflections.java:381)
	at org.reflections.Reflections.<init>(Reflections.java:126)
	at com.thoughtworks.gauge.scan.ClasspathScanner.createReflections(ClasspathScanner.java:66)
	at com.thoughtworks.gauge.scan.ClasspathScanner.scan(ClasspathScanner.java:41)
	at com.thoughtworks.gauge.GaugeRuntime.connectSynchronously(GaugeRuntime.java:80)
	at com.thoughtworks.gauge.GaugeRuntime.main(GaugeRuntime.java:57)
Caused by: java.lang.ClassNotFoundException: org.eclipse.swt.dnd.ByteArrayTransfer
	at java.net.URLClassLoader.findClass(URLClassLoader.java:382)
	at java.lang.ClassLoader.loadClass(ClassLoader.java:418)
	at sun.misc.Launcher$AppClassLoader.loadClass(Launcher.java:355)
	at java.lang.ClassLoader.loadClass(ClassLoader.java:351)
	at org.reflections.ReflectionUtils.forName(ReflectionUtils.java:388)
	... 6 common frames omitted
2020-01-16 18:04:11.948 [main] WARN  org.reflections.Reflections.forName(396) - could not get type for name com.bea.jvm.ClassPreProcessor from any class loader
org.reflections.ReflectionsException: could not get type for name com.bea.jvm.ClassPreProcessor
	at org.reflections.ReflectionUtils.forName(ReflectionUtils.java:390)
	at org.reflections.Reflections.expandSuperTypes(Reflections.java:381)
	at org.reflections.Reflections.<init>(Reflections.java:126)
	at com.thoughtworks.gauge.scan.ClasspathScanner.createReflections(ClasspathScanner.java:66)
	at com.thoughtworks.gauge.scan.ClasspathScanner.scan(ClasspathScanner.java:41)
	at com.thoughtworks.gauge.GaugeRuntime.connectSynchronously(GaugeRuntime.java:80)
	at com.thoughtworks.gauge.GaugeRuntime.main(GaugeRuntime.java:57)
Caused by: java.lang.ClassNotFoundException: com.bea.jvm.ClassPreProcessor
	at java.net.URLClassLoader.findClass(URLClassLoader.java:382)
	at java.lang.ClassLoader.loadClass(ClassLoader.java:418)
	at sun.misc.Launcher$AppClassLoader.loadClass(Launcher.java:355)
	at java.lang.ClassLoader.loadClass(ClassLoader.java:351)
	at org.reflections.ReflectionUtils.forName(ReflectionUtils.java:388)
	... 6 common frames omitted
2020-01-16 18:04:11.991 [main] WARN  org.reflections.Reflections.forName(396) - could not get type for name org.apache.commons.pool2.PooledObjectFactory from any class loader
org.reflections.ReflectionsException: could not get type for name org.apache.commons.pool2.PooledObjectFactory
	at org.reflections.ReflectionUtils.forName(ReflectionUtils.java:390)
	at org.reflections.Reflections.expandSuperTypes(Reflections.java:381)
	at org.reflections.Reflections.<init>(Reflections.java:126)
	at com.thoughtworks.gauge.scan.ClasspathScanner.createReflections(ClasspathScanner.java:66)
	at com.thoughtworks.gauge.scan.ClasspathScanner.scan(ClasspathScanner.java:41)
	at com.thoughtworks.gauge.GaugeRuntime.connectSynchronously(GaugeRuntime.java:80)
	at com.thoughtworks.gauge.GaugeRuntime.main(GaugeRuntime.java:57)
Caused by: java.lang.ClassNotFoundException: org.apache.commons.pool2.PooledObjectFactory
	at java.net.URLClassLoader.findClass(URLClassLoader.java:382)
	at java.lang.ClassLoader.loadClass(ClassLoader.java:418)
	at sun.misc.Launcher$AppClassLoader.loadClass(Launcher.java:355)
	at java.lang.ClassLoader.loadClass(ClassLoader.java:351)
	at org.reflections.ReflectionUtils.forName(ReflectionUtils.java:388)
	... 6 common frames omitted
2020-01-16 18:04:12.043 [main] WARN  org.reflections.Reflections.forName(396) - could not get type for name org.hibernate.validator.spi.resourceloading.ResourceBundleLocator from any class loader
org.reflections.ReflectionsException: could not get type for name org.hibernate.validator.spi.resourceloading.ResourceBundleLocator
	at org.reflections.ReflectionUtils.forName(ReflectionUtils.java:390)
	at org.reflections.Reflections.expandSuperTypes(Reflections.java:381)
	at org.reflections.Reflections.<init>(Reflections.java:126)
	at com.thoughtworks.gauge.scan.ClasspathScanner.createReflections(ClasspathScanner.java:66)
	at com.thoughtworks.gauge.scan.ClasspathScanner.scan(ClasspathScanner.java:41)
	at com.thoughtworks.gauge.GaugeRuntime.connectSynchronously(GaugeRuntime.java:80)
	at com.thoughtworks.gauge.GaugeRuntime.main(GaugeRuntime.java:57)
Caused by: java.lang.ClassNotFoundException: org.hibernate.validator.spi.resourceloading.ResourceBundleLocator
	at java.net.URLClassLoader.findClass(URLClassLoader.java:382)
	at java.lang.ClassLoader.loadClass(ClassLoader.java:418)
	at sun.misc.Launcher$AppClassLoader.loadClass(Launcher.java:355)
	at java.lang.ClassLoader.loadClass(ClassLoader.java:351)
	at org.reflections.ReflectionUtils.forName(ReflectionUtils.java:388)
	... 6 common frames omitted
2020-01-16 18:04:12.097 [main] WARN  org.reflections.Reflections.forName(396) - could not get type for name groovy.lang.GroovyObjectSupport from any class loader
org.reflections.ReflectionsException: could not get type for name groovy.lang.GroovyObjectSupport
	at org.reflections.ReflectionUtils.forName(ReflectionUtils.java:390)
	at org.reflections.Reflections.expandSuperTypes(Reflections.java:381)
	at org.reflections.Reflections.<init>(Reflections.java:126)
	at com.thoughtworks.gauge.scan.ClasspathScanner.createReflections(ClasspathScanner.java:66)
	at com.thoughtworks.gauge.scan.ClasspathScanner.scan(ClasspathScanner.java:41)
	at com.thoughtworks.gauge.GaugeRuntime.connectSynchronously(GaugeRuntime.java:80)
	at com.thoughtworks.gauge.GaugeRuntime.main(GaugeRuntime.java:57)
Caused by: java.lang.ClassNotFoundException: groovy.lang.GroovyObjectSupport
	at java.net.URLClassLoader.findClass(URLClassLoader.java:382)
	at java.lang.ClassLoader.loadClass(ClassLoader.java:418)
	at sun.misc.Launcher$AppClassLoader.loadClass(Launcher.java:355)
	at java.lang.ClassLoader.loadClass(ClassLoader.java:351)
	at org.reflections.ReflectionUtils.forName(ReflectionUtils.java:388)
	... 6 common frames omitted
2020-01-16 18:04:12.120 [main] WARN  org.reflections.Reflections.forName(396) - could not get type for name org.eclipse.swt.widgets.Canvas from any class loader
org.reflections.ReflectionsException: could not get type for name org.eclipse.swt.widgets.Canvas
	at org.reflections.ReflectionUtils.forName(ReflectionUtils.java:390)
	at org.reflections.Reflections.expandSuperTypes(Reflections.java:381)
	at org.reflections.Reflections.<init>(Reflections.java:126)
	at com.thoughtworks.gauge.scan.ClasspathScanner.createReflections(ClasspathScanner.java:66)
	at com.thoughtworks.gauge.scan.ClasspathScanner.scan(ClasspathScanner.java:41)
	at com.thoughtworks.gauge.GaugeRuntime.connectSynchronously(GaugeRuntime.java:80)
	at com.thoughtworks.gauge.GaugeRuntime.main(GaugeRuntime.java:57)
Caused by: java.lang.ClassNotFoundException: org.eclipse.swt.widgets.Canvas
	at java.net.URLClassLoader.findClass(URLClassLoader.java:382)
	at java.lang.ClassLoader.loadClass(ClassLoader.java:418)
	at sun.misc.Launcher$AppClassLoader.loadClass(Launcher.java:355)
	at java.lang.ClassLoader.loadClass(ClassLoader.java:351)
	at org.reflections.ReflectionUtils.forName(ReflectionUtils.java:388)
	... 6 common frames omitted
2020-01-16 18:04:12.168 [main] WARN  org.reflections.Reflections.forName(396) - could not get type for name org.junit.jupiter.api.extension.AfterEachCallback from any class loader
org.reflections.ReflectionsException: could not get type for name org.junit.jupiter.api.extension.AfterEachCallback
	at org.reflections.ReflectionUtils.forName(ReflectionUtils.java:390)
	at org.reflections.Reflections.expandSuperTypes(Reflections.java:381)
	at org.reflections.Reflections.<init>(Reflections.java:126)
	at com.thoughtworks.gauge.scan.ClasspathScanner.createReflections(ClasspathScanner.java:66)
	at com.thoughtworks.gauge.scan.ClasspathScanner.scan(ClasspathScanner.java:41)
	at com.thoughtworks.gauge.GaugeRuntime.connectSynchronously(GaugeRuntime.java:80)
	at com.thoughtworks.gauge.GaugeRuntime.main(GaugeRuntime.java:57)
Caused by: java.lang.ClassNotFoundException: org.junit.jupiter.api.extension.AfterEachCallback
	at java.net.URLClassLoader.findClass(URLClassLoader.java:382)
	at java.lang.ClassLoader.loadClass(ClassLoader.java:418)
	at sun.misc.Launcher$AppClassLoader.loadClass(Launcher.java:355)
	at java.lang.ClassLoader.loadClass(ClassLoader.java:351)
	at org.reflections.ReflectionUtils.forName(ReflectionUtils.java:388)
	... 6 common frames omitted
2020-01-16 18:04:12.182 [main] WARN  org.reflections.Reflections.forName(396) - could not get type for name javax.servlet.ServletContainerInitializer from any class loader
org.reflections.ReflectionsException: could not get type for name javax.servlet.ServletContainerInitializer
	at org.reflections.ReflectionUtils.forName(ReflectionUtils.java:390)
	at org.reflections.Reflections.expandSuperTypes(Reflections.java:381)
	at org.reflections.Reflections.<init>(Reflections.java:126)
	at com.thoughtworks.gauge.scan.ClasspathScanner.createReflections(ClasspathScanner.java:66)
	at com.thoughtworks.gauge.scan.ClasspathScanner.scan(ClasspathScanner.java:41)
	at com.thoughtworks.gauge.GaugeRuntime.connectSynchronously(GaugeRuntime.java:80)
	at com.thoughtworks.gauge.GaugeRuntime.main(GaugeRuntime.java:57)
Caused by: java.lang.ClassNotFoundException: javax.servlet.ServletContainerInitializer
	at java.net.URLClassLoader.findClass(URLClassLoader.java:382)
	at java.lang.ClassLoader.loadClass(ClassLoader.java:418)
	at sun.misc.Launcher$AppClassLoader.loadClass(Launcher.java:355)
	at java.lang.ClassLoader.loadClass(ClassLoader.java:351)
	at org.reflections.ReflectionUtils.forName(ReflectionUtils.java:388)
	... 6 common frames omitted
2020-01-16 18:04:12.224 [main] WARN  org.reflections.Reflections.forName(396) - could not get type for name javax.validation.ParameterNameProvider from any class loader
org.reflections.ReflectionsException: could not get type for name javax.validation.ParameterNameProvider
	at org.reflections.ReflectionUtils.forName(ReflectionUtils.java:390)
	at org.reflections.Reflections.expandSuperTypes(Reflections.java:381)
	at org.reflections.Reflections.<init>(Reflections.java:126)
	at com.thoughtworks.gauge.scan.ClasspathScanner.createReflections(ClasspathScanner.java:66)
	at com.thoughtworks.gauge.scan.ClasspathScanner.scan(ClasspathScanner.java:41)
	at com.thoughtworks.gauge.GaugeRuntime.connectSynchronously(GaugeRuntime.java:80)
	at com.thoughtworks.gauge.GaugeRuntime.main(GaugeRuntime.java:57)
Caused by: java.lang.ClassNotFoundException: javax.validation.ParameterNameProvider
	at java.net.URLClassLoader.findClass(URLClassLoader.java:382)
	at java.lang.ClassLoader.loadClass(ClassLoader.java:418)
	at sun.misc.Launcher$AppClassLoader.loadClass(Launcher.java:355)
	at java.lang.ClassLoader.loadClass(ClassLoader.java:351)
	at org.reflections.ReflectionUtils.forName(ReflectionUtils.java:388)
	... 6 common frames omitted
2020-01-16 18:04:12.227 [main] WARN  org.reflections.Reflections.forName(396) - could not get type for name groovy.lang.GroovyObject from any class loader
org.reflections.ReflectionsException: could not get type for name groovy.lang.GroovyObject
	at org.reflections.ReflectionUtils.forName(ReflectionUtils.java:390)
	at org.reflections.Reflections.expandSuperTypes(Reflections.java:381)
	at org.reflections.Reflections.<init>(Reflections.java:126)
	at com.thoughtworks.gauge.scan.ClasspathScanner.createReflections(ClasspathScanner.java:66)
	at com.thoughtworks.gauge.scan.ClasspathScanner.scan(ClasspathScanner.java:41)
	at com.thoughtworks.gauge.GaugeRuntime.connectSynchronously(GaugeRuntime.java:80)
	at com.thoughtworks.gauge.GaugeRuntime.main(GaugeRuntime.java:57)
Caused by: java.lang.ClassNotFoundException: groovy.lang.GroovyObject
	at java.net.URLClassLoader.findClass(URLClassLoader.java:382)
	at java.lang.ClassLoader.loadClass(ClassLoader.java:418)
	at sun.misc.Launcher$AppClassLoader.loadClass(Launcher.java:355)
	at java.lang.ClassLoader.loadClass(ClassLoader.java:351)
	at org.reflections.ReflectionUtils.forName(ReflectionUtils.java:388)
	... 6 common frames omitted
2020-01-16 18:04:12.242 [main] WARN  org.reflections.Reflections.forName(396) - could not get type for name groovy.lang.Closure from any class loader
org.reflections.ReflectionsException: could not get type for name groovy.lang.Closure
	at org.reflections.ReflectionUtils.forName(ReflectionUtils.java:390)
	at org.reflections.Reflections.expandSuperTypes(Reflections.java:381)
	at org.reflections.Reflections.<init>(Reflections.java:126)
	at com.thoughtworks.gauge.scan.ClasspathScanner.createReflections(ClasspathScanner.java:66)
	at com.thoughtworks.gauge.scan.ClasspathScanner.scan(ClasspathScanner.java:41)
	at com.thoughtworks.gauge.GaugeRuntime.connectSynchronously(GaugeRuntime.java:80)
	at com.thoughtworks.gauge.GaugeRuntime.main(GaugeRuntime.java:57)
Caused by: java.lang.ClassNotFoundException: groovy.lang.Closure
	at java.net.URLClassLoader.findClass(URLClassLoader.java:382)
	at java.lang.ClassLoader.loadClass(ClassLoader.java:418)
	at sun.misc.Launcher$AppClassLoader.loadClass(Launcher.java:355)
	at java.lang.ClassLoader.loadClass(ClassLoader.java:351)
	at org.reflections.ReflectionUtils.forName(ReflectionUtils.java:388)
	... 6 common frames omitted
2020-01-16 18:04:12.338 [main] WARN  org.reflections.Reflections.forName(396) - could not get type for name javax.validation.ValidatorFactory from any class loader
org.reflections.ReflectionsException: could not get type for name javax.validation.ValidatorFactory
	at org.reflections.ReflectionUtils.forName(ReflectionUtils.java:390)
	at org.reflections.Reflections.expandSuperTypes(Reflections.java:381)
	at org.reflections.Reflections.<init>(Reflections.java:126)
	at com.thoughtworks.gauge.scan.ClasspathScanner.createReflections(ClasspathScanner.java:66)
	at com.thoughtworks.gauge.scan.ClasspathScanner.scan(ClasspathScanner.java:41)
	at com.thoughtworks.gauge.GaugeRuntime.connectSynchronously(GaugeRuntime.java:80)
	at com.thoughtworks.gauge.GaugeRuntime.main(GaugeRuntime.java:57)
Caused by: java.lang.ClassNotFoundException: javax.validation.ValidatorFactory
	at java.net.URLClassLoader.findClass(URLClassLoader.java:382)
	at java.lang.ClassLoader.loadClass(ClassLoader.java:418)
	at sun.misc.Launcher$AppClassLoader.loadClass(Launcher.java:355)
	at java.lang.ClassLoader.loadClass(ClassLoader.java:351)
	at org.reflections.ReflectionUtils.forName(ReflectionUtils.java:388)
	... 6 common frames omitted
2020-01-16 18:04:12.366 [main] WARN  org.reflections.Reflections.forName(396) - could not get type for name javax.validation.ConstraintValidatorFactory from any class loader
org.reflections.ReflectionsException: could not get type for name javax.validation.ConstraintValidatorFactory
	at org.reflections.ReflectionUtils.forName(ReflectionUtils.java:390)
	at org.reflections.Reflections.expandSuperTypes(Reflections.java:381)
	at org.reflections.Reflections.<init>(Reflections.java:126)
	at com.thoughtworks.gauge.scan.ClasspathScanner.createReflections(ClasspathScanner.java:66)
	at com.thoughtworks.gauge.scan.ClasspathScanner.scan(ClasspathScanner.java:41)
	at com.thoughtworks.gauge.GaugeRuntime.connectSynchronously(GaugeRuntime.java:80)
	at com.thoughtworks.gauge.GaugeRuntime.main(GaugeRuntime.java:57)
Caused by: java.lang.ClassNotFoundException: javax.validation.ConstraintValidatorFactory
	at java.net.URLClassLoader.findClass(URLClassLoader.java:382)
	at java.lang.ClassLoader.loadClass(ClassLoader.java:418)
	at sun.misc.Launcher$AppClassLoader.loadClass(Launcher.java:355)
	at java.lang.ClassLoader.loadClass(ClassLoader.java:351)
	at org.reflections.ReflectionUtils.forName(ReflectionUtils.java:388)
	... 6 common frames omitted
2020-01-16 18:04:12.367 [main] WARN  org.reflections.Reflections.forName(396) - could not get type for name org.eclipse.swt.events.DisposeListener from any class loader
org.reflections.ReflectionsException: could not get type for name org.eclipse.swt.events.DisposeListener
	at org.reflections.ReflectionUtils.forName(ReflectionUtils.java:390)
	at org.reflections.Reflections.expandSuperTypes(Reflections.java:381)
	at org.reflections.Reflections.<init>(Reflections.java:126)
	at com.thoughtworks.gauge.scan.ClasspathScanner.createReflections(ClasspathScanner.java:66)
	at com.thoughtworks.gauge.scan.ClasspathScanner.scan(ClasspathScanner.java:41)
	at com.thoughtworks.gauge.GaugeRuntime.connectSynchronously(GaugeRuntime.java:80)
	at com.thoughtworks.gauge.GaugeRuntime.main(GaugeRuntime.java:57)
Caused by: java.lang.ClassNotFoundException: org.eclipse.swt.events.DisposeListener
	at java.net.URLClassLoader.findClass(URLClassLoader.java:382)
	at java.lang.ClassLoader.loadClass(ClassLoader.java:418)
	at sun.misc.Launcher$AppClassLoader.loadClass(Launcher.java:355)
	at java.lang.ClassLoader.loadClass(ClassLoader.java:351)
	at org.reflections.ReflectionUtils.forName(ReflectionUtils.java:388)
	... 6 common frames omitted
2020-01-16 18:04:12.381 [main] WARN  org.reflections.Reflections.forName(396) - could not get type for name net.bytebuddy.jar.asm.tree.MethodNode from any class loader
org.reflections.ReflectionsException: could not get type for name net.bytebuddy.jar.asm.tree.MethodNode
	at org.reflections.ReflectionUtils.forName(ReflectionUtils.java:390)
	at org.reflections.Reflections.expandSuperTypes(Reflections.java:381)
	at org.reflections.Reflections.<init>(Reflections.java:126)
	at com.thoughtworks.gauge.scan.ClasspathScanner.createReflections(ClasspathScanner.java:66)
	at com.thoughtworks.gauge.scan.ClasspathScanner.scan(ClasspathScanner.java:41)
	at com.thoughtworks.gauge.GaugeRuntime.connectSynchronously(GaugeRuntime.java:80)
	at com.thoughtworks.gauge.GaugeRuntime.main(GaugeRuntime.java:57)
Caused by: java.lang.ClassNotFoundException: net.bytebuddy.jar.asm.tree.MethodNode
	at java.net.URLClassLoader.findClass(URLClassLoader.java:382)
	at java.lang.ClassLoader.loadClass(ClassLoader.java:418)
	at sun.misc.Launcher$AppClassLoader.loadClass(Launcher.java:355)
	at java.lang.ClassLoader.loadClass(ClassLoader.java:351)
	at org.reflections.ReflectionUtils.forName(ReflectionUtils.java:388)
	... 6 common frames omitted
2020-01-16 18:04:12.445 [main] WARN  org.reflections.Reflections.forName(396) - could not get type for name org.eclipse.swt.dnd.DropTargetListener from any class loader
org.reflections.ReflectionsException: could not get type for name org.eclipse.swt.dnd.DropTargetListener
	at org.reflections.ReflectionUtils.forName(ReflectionUtils.java:390)
	at org.reflections.Reflections.expandSuperTypes(Reflections.java:381)
	at org.reflections.Reflections.<init>(Reflections.java:126)
	at com.thoughtworks.gauge.scan.ClasspathScanner.createReflections(ClasspathScanner.java:66)
	at com.thoughtworks.gauge.scan.ClasspathScanner.scan(ClasspathScanner.java:41)
	at com.thoughtworks.gauge.GaugeRuntime.connectSynchronously(GaugeRuntime.java:80)
	at com.thoughtworks.gauge.GaugeRuntime.main(GaugeRuntime.java:57)
Caused by: java.lang.ClassNotFoundException: org.eclipse.swt.dnd.DropTargetListener
	at java.net.URLClassLoader.findClass(URLClassLoader.java:382)
	at java.lang.ClassLoader.loadClass(ClassLoader.java:418)
	at sun.misc.Launcher$AppClassLoader.loadClass(Launcher.java:355)
	at java.lang.ClassLoader.loadClass(ClassLoader.java:351)
	at org.reflections.ReflectionUtils.forName(ReflectionUtils.java:388)
	... 6 common frames omitted
2020-01-16 18:04:12.464 [main] WARN  org.reflections.Reflections.forName(396) - could not get type for name groovy.lang.Binding from any class loader
org.reflections.ReflectionsException: could not get type for name groovy.lang.Binding
	at org.reflections.ReflectionUtils.forName(ReflectionUtils.java:390)
	at org.reflections.Reflections.expandSuperTypes(Reflections.java:381)
	at org.reflections.Reflections.<init>(Reflections.java:126)
	at com.thoughtworks.gauge.scan.ClasspathScanner.createReflections(ClasspathScanner.java:66)
	at com.thoughtworks.gauge.scan.ClasspathScanner.scan(ClasspathScanner.java:41)
	at com.thoughtworks.gauge.GaugeRuntime.connectSynchronously(GaugeRuntime.java:80)
	at com.thoughtworks.gauge.GaugeRuntime.main(GaugeRuntime.java:57)
Caused by: java.lang.ClassNotFoundException: groovy.lang.Binding
	at java.net.URLClassLoader.findClass(URLClassLoader.java:382)
	at java.lang.ClassLoader.loadClass(ClassLoader.java:418)
	at sun.misc.Launcher$AppClassLoader.loadClass(Launcher.java:355)
	at java.lang.ClassLoader.loadClass(ClassLoader.java:351)
	at org.reflections.ReflectionUtils.forName(ReflectionUtils.java:388)
	... 6 common frames omitted
2020-01-16 18:04:12.480 [main] WARN  org.reflections.Reflections.forName(396) - could not get type for name reactor.core.publisher.BaseSubscriber from any class loader
org.reflections.ReflectionsException: could not get type for name reactor.core.publisher.BaseSubscriber
	at org.reflections.ReflectionUtils.forName(ReflectionUtils.java:390)
	at org.reflections.Reflections.expandSuperTypes(Reflections.java:381)
	at org.reflections.Reflections.<init>(Reflections.java:126)
	at com.thoughtworks.gauge.scan.ClasspathScanner.createReflections(ClasspathScanner.java:66)
	at com.thoughtworks.gauge.scan.ClasspathScanner.scan(ClasspathScanner.java:41)
	at com.thoughtworks.gauge.GaugeRuntime.connectSynchronously(GaugeRuntime.java:80)
	at com.thoughtworks.gauge.GaugeRuntime.main(GaugeRuntime.java:57)
Caused by: java.lang.ClassNotFoundException: reactor.core.publisher.BaseSubscriber
	at java.net.URLClassLoader.findClass(URLClassLoader.java:382)
	at java.lang.ClassLoader.loadClass(ClassLoader.java:418)
	at sun.misc.Launcher$AppClassLoader.loadClass(Launcher.java:355)
	at java.lang.ClassLoader.loadClass(ClassLoader.java:351)
	at org.reflections.ReflectionUtils.forName(ReflectionUtils.java:388)
	... 6 common frames omitted
2020-01-16 18:04:12.483 [main] WARN  org.reflections.Reflections.forName(396) - could not get type for name org.aspectj.apache.bcel.classfile.tests.BcelTestCase from any class loader
org.reflections.ReflectionsException: could not get type for name org.aspectj.apache.bcel.classfile.tests.BcelTestCase
	at org.reflections.ReflectionUtils.forName(ReflectionUtils.java:390)
	at org.reflections.Reflections.expandSuperTypes(Reflections.java:381)
	at org.reflections.Reflections.<init>(Reflections.java:126)
	at com.thoughtworks.gauge.scan.ClasspathScanner.createReflections(ClasspathScanner.java:66)
	at com.thoughtworks.gauge.scan.ClasspathScanner.scan(ClasspathScanner.java:41)
	at com.thoughtworks.gauge.GaugeRuntime.connectSynchronously(GaugeRuntime.java:80)
	at com.thoughtworks.gauge.GaugeRuntime.main(GaugeRuntime.java:57)
Caused by: java.lang.ClassNotFoundException: org.aspectj.apache.bcel.classfile.tests.BcelTestCase
	at java.net.URLClassLoader.findClass(URLClassLoader.java:382)
	at java.lang.ClassLoader.loadClass(ClassLoader.java:418)
	at sun.misc.Launcher$AppClassLoader.loadClass(Launcher.java:355)
	at java.lang.ClassLoader.loadClass(ClassLoader.java:351)
	at org.reflections.ReflectionUtils.forName(ReflectionUtils.java:388)
	... 6 common frames omitted
2020-01-16 18:04:12.524 [main] WARN  org.reflections.Reflections.forName(396) - could not get type for name org.eclipse.swt.events.KeyListener from any class loader
org.reflections.ReflectionsException: could not get type for name org.eclipse.swt.events.KeyListener
	at org.reflections.ReflectionUtils.forName(ReflectionUtils.java:390)
	at org.reflections.Reflections.expandSuperTypes(Reflections.java:381)
	at org.reflections.Reflections.<init>(Reflections.java:126)
	at com.thoughtworks.gauge.scan.ClasspathScanner.createReflections(ClasspathScanner.java:66)
	at com.thoughtworks.gauge.scan.ClasspathScanner.scan(ClasspathScanner.java:41)
	at com.thoughtworks.gauge.GaugeRuntime.connectSynchronously(GaugeRuntime.java:80)
	at com.thoughtworks.gauge.GaugeRuntime.main(GaugeRuntime.java:57)
Caused by: java.lang.ClassNotFoundException: org.eclipse.swt.events.KeyListener
	at java.net.URLClassLoader.findClass(URLClassLoader.java:382)
	at java.lang.ClassLoader.loadClass(ClassLoader.java:418)
	at sun.misc.Launcher$AppClassLoader.loadClass(Launcher.java:355)
	at java.lang.ClassLoader.loadClass(ClassLoader.java:351)
	at org.reflections.ReflectionUtils.forName(ReflectionUtils.java:388)
	... 6 common frames omitted
2020-01-16 18:04:12.708 [main] WARN  org.reflections.Reflections.forName(396) - could not get type for name javax.enterprise.concurrent.Trigger from any class loader
org.reflections.ReflectionsException: could not get type for name javax.enterprise.concurrent.Trigger
	at org.reflections.ReflectionUtils.forName(ReflectionUtils.java:390)
	at org.reflections.Reflections.expandSuperTypes(Reflections.java:381)
	at org.reflections.Reflections.<init>(Reflections.java:126)
	at com.thoughtworks.gauge.scan.ClasspathScanner.createReflections(ClasspathScanner.java:66)
	at com.thoughtworks.gauge.scan.ClasspathScanner.scan(ClasspathScanner.java:41)
	at com.thoughtworks.gauge.GaugeRuntime.connectSynchronously(GaugeRuntime.java:80)
	at com.thoughtworks.gauge.GaugeRuntime.main(GaugeRuntime.java:57)
Caused by: java.lang.ClassNotFoundException: javax.enterprise.concurrent.Trigger
	at java.net.URLClassLoader.findClass(URLClassLoader.java:382)
	at java.lang.ClassLoader.loadClass(ClassLoader.java:418)
	at sun.misc.Launcher$AppClassLoader.loadClass(Launcher.java:355)
	at java.lang.ClassLoader.loadClass(ClassLoader.java:351)
	at org.reflections.ReflectionUtils.forName(ReflectionUtils.java:388)
	... 6 common frames omitted
2020-01-16 18:04:12.751 [main] WARN  org.reflections.Reflections.forName(396) - could not get type for name org.eclipse.swt.events.FocusListener from any class loader
org.reflections.ReflectionsException: could not get type for name org.eclipse.swt.events.FocusListener
	at org.reflections.ReflectionUtils.forName(ReflectionUtils.java:390)
	at org.reflections.Reflections.expandSuperTypes(Reflections.java:381)
	at org.reflections.Reflections.<init>(Reflections.java:126)
	at com.thoughtworks.gauge.scan.ClasspathScanner.createReflections(ClasspathScanner.java:66)
	at com.thoughtworks.gauge.scan.ClasspathScanner.scan(ClasspathScanner.java:41)
	at com.thoughtworks.gauge.GaugeRuntime.connectSynchronously(GaugeRuntime.java:80)
	at com.thoughtworks.gauge.GaugeRuntime.main(GaugeRuntime.java:57)
Caused by: java.lang.ClassNotFoundException: org.eclipse.swt.events.FocusListener
	at java.net.URLClassLoader.findClass(URLClassLoader.java:382)
	at java.lang.ClassLoader.loadClass(ClassLoader.java:418)
	at sun.misc.Launcher$AppClassLoader.loadClass(Launcher.java:355)
	at java.lang.ClassLoader.loadClass(ClassLoader.java:351)
	at org.reflections.ReflectionUtils.forName(ReflectionUtils.java:388)
	... 6 common frames omitted
2020-01-16 18:04:12.775 [main] WARN  org.reflections.Reflections.forName(396) - could not get type for name javax.inject.Provider from any class loader
org.reflections.ReflectionsException: could not get type for name javax.inject.Provider
	at org.reflections.ReflectionUtils.forName(ReflectionUtils.java:390)
	at org.reflections.Reflections.expandSuperTypes(Reflections.java:381)
	at org.reflections.Reflections.<init>(Reflections.java:126)
	at com.thoughtworks.gauge.scan.ClasspathScanner.createReflections(ClasspathScanner.java:66)
	at com.thoughtworks.gauge.scan.ClasspathScanner.scan(ClasspathScanner.java:41)
	at com.thoughtworks.gauge.GaugeRuntime.connectSynchronously(GaugeRuntime.java:80)
	at com.thoughtworks.gauge.GaugeRuntime.main(GaugeRuntime.java:57)
Caused by: java.lang.ClassNotFoundException: javax.inject.Provider
	at java.net.URLClassLoader.findClass(URLClassLoader.java:382)
	at java.lang.ClassLoader.loadClass(ClassLoader.java:418)
	at sun.misc.Launcher$AppClassLoader.loadClass(Launcher.java:355)
	at java.lang.ClassLoader.loadClass(ClassLoader.java:351)
	at org.reflections.ReflectionUtils.forName(ReflectionUtils.java:388)
	... 6 common frames omitted
2020-01-16 18:04:16.144 [Thread-1] INFO  org.reflections.Reflections.scan(232) - Reflections took 3055 ms to scan 115 urls, producing 14143 keys and 61916 values 
2020-01-16 18:04:16.164 [Thread-1] WARN  org.reflections.Reflections.forName(396) - could not get type for name org.eclipse.swt.events.ControlListener from any class loader
org.reflections.ReflectionsException: could not get type for name org.eclipse.swt.events.ControlListener
	at org.reflections.ReflectionUtils.forName(ReflectionUtils.java:390)
	at org.reflections.Reflections.expandSuperTypes(Reflections.java:381)
	at org.reflections.Reflections.<init>(Reflections.java:126)
	at com.thoughtworks.gauge.execution.parameters.parsers.base.ParameterParsingChain.createReflections(ParameterParsingChain.java:41)
	at com.thoughtworks.gauge.execution.parameters.parsers.base.ParameterParsingChain.<init>(ParameterParsingChain.java:27)
	at com.thoughtworks.gauge.GaugeRuntime.dispatchMessages(GaugeRuntime.java:98)
	at com.thoughtworks.gauge.GaugeRuntime.lambda$connectSynchronously$1(GaugeRuntime.java:81)
	at java.lang.Thread.run(Thread.java:748)
Caused by: java.lang.ClassNotFoundException: org.eclipse.swt.events.ControlListener
	at java.net.URLClassLoader.findClass(URLClassLoader.java:382)
	at java.lang.ClassLoader.loadClass(ClassLoader.java:418)
	at sun.misc.Launcher$AppClassLoader.loadClass(Launcher.java:355)
	at java.lang.ClassLoader.loadClass(ClassLoader.java:351)
	at org.reflections.ReflectionUtils.forName(ReflectionUtils.java:388)
	... 7 common frames omitted
2020-01-16 18:04:16.165 [Thread-1] WARN  org.reflections.Reflections.forName(396) - could not get type for name org.codehaus.groovy.runtime.GeneratedClosure from any class loader
org.reflections.ReflectionsException: could not get type for name org.codehaus.groovy.runtime.GeneratedClosure
	at org.reflections.ReflectionUtils.forName(ReflectionUtils.java:390)
	at org.reflections.Reflections.expandSuperTypes(Reflections.java:381)
	at org.reflections.Reflections.<init>(Reflections.java:126)
	at com.thoughtworks.gauge.execution.parameters.parsers.base.ParameterParsingChain.createReflections(ParameterParsingChain.java:41)
	at com.thoughtworks.gauge.execution.parameters.parsers.base.ParameterParsingChain.<init>(ParameterParsingChain.java:27)
	at com.thoughtworks.gauge.GaugeRuntime.dispatchMessages(GaugeRuntime.java:98)
	at com.thoughtworks.gauge.GaugeRuntime.lambda$connectSynchronously$1(GaugeRuntime.java:81)
	at java.lang.Thread.run(Thread.java:748)
Caused by: java.lang.ClassNotFoundException: org.codehaus.groovy.runtime.GeneratedClosure
	at java.net.URLClassLoader.findClass(URLClassLoader.java:382)
	at java.lang.ClassLoader.loadClass(ClassLoader.java:418)
	at sun.misc.Launcher$AppClassLoader.loadClass(Launcher.java:355)
	at java.lang.ClassLoader.loadClass(ClassLoader.java:351)
	at org.reflections.ReflectionUtils.forName(ReflectionUtils.java:388)
	... 7 common frames omitted
2020-01-16 18:04:16.167 [Thread-1] WARN  org.reflections.Reflections.forName(396) - could not get type for name javax.validation.MessageInterpolator from any class loader
org.reflections.ReflectionsException: could not get type for name javax.validation.MessageInterpolator
	at org.reflections.ReflectionUtils.forName(ReflectionUtils.java:390)
	at org.reflections.Reflections.expandSuperTypes(Reflections.java:381)
	at org.reflections.Reflections.<init>(Reflections.java:126)
	at com.thoughtworks.gauge.execution.parameters.parsers.base.ParameterParsingChain.createReflections(ParameterParsingChain.java:41)
	at com.thoughtworks.gauge.execution.parameters.parsers.base.ParameterParsingChain.<init>(ParameterParsingChain.java:27)
	at com.thoughtworks.gauge.GaugeRuntime.dispatchMessages(GaugeRuntime.java:98)
	at com.thoughtworks.gauge.GaugeRuntime.lambda$connectSynchronously$1(GaugeRuntime.java:81)
	at java.lang.Thread.run(Thread.java:748)
Caused by: java.lang.ClassNotFoundException: javax.validation.MessageInterpolator
	at java.net.URLClassLoader.findClass(URLClassLoader.java:382)
	at java.lang.ClassLoader.loadClass(ClassLoader.java:418)
	at sun.misc.Launcher$AppClassLoader.loadClass(Launcher.java:355)
	at java.lang.ClassLoader.loadClass(ClassLoader.java:351)
	at org.reflections.ReflectionUtils.forName(ReflectionUtils.java:388)
	... 7 common frames omitted
2020-01-16 18:04:16.167 [Thread-1] WARN  org.reflections.Reflections.forName(396) - could not get type for name javax.validation.Validator from any class loader
org.reflections.ReflectionsException: could not get type for name javax.validation.Validator
	at org.reflections.ReflectionUtils.forName(ReflectionUtils.java:390)
	at org.reflections.Reflections.expandSuperTypes(Reflections.java:381)
	at org.reflections.Reflections.<init>(Reflections.java:126)
	at com.thoughtworks.gauge.execution.parameters.parsers.base.ParameterParsingChain.createReflections(ParameterParsingChain.java:41)
	at com.thoughtworks.gauge.execution.parameters.parsers.base.ParameterParsingChain.<init>(ParameterParsingChain.java:27)
	at com.thoughtworks.gauge.GaugeRuntime.dispatchMessages(GaugeRuntime.java:98)
	at com.thoughtworks.gauge.GaugeRuntime.lambda$connectSynchronously$1(GaugeRuntime.java:81)
	at java.lang.Thread.run(Thread.java:748)
Caused by: java.lang.ClassNotFoundException: javax.validation.Validator
	at java.net.URLClassLoader.findClass(URLClassLoader.java:382)
	at java.lang.ClassLoader.loadClass(ClassLoader.java:418)
	at sun.misc.Launcher$AppClassLoader.loadClass(Launcher.java:355)
	at java.lang.ClassLoader.loadClass(ClassLoader.java:351)
	at org.reflections.ReflectionUtils.forName(ReflectionUtils.java:388)
	... 7 common frames omitted
2020-01-16 18:04:16.188 [Thread-1] WARN  org.reflections.Reflections.forName(396) - could not get type for name org.eclipse.swt.dnd.DragSourceListener from any class loader
org.reflections.ReflectionsException: could not get type for name org.eclipse.swt.dnd.DragSourceListener
	at org.reflections.ReflectionUtils.forName(ReflectionUtils.java:390)
	at org.reflections.Reflections.expandSuperTypes(Reflections.java:381)
	at org.reflections.Reflections.<init>(Reflections.java:126)
	at com.thoughtworks.gauge.execution.parameters.parsers.base.ParameterParsingChain.createReflections(ParameterParsingChain.java:41)
	at com.thoughtworks.gauge.execution.parameters.parsers.base.ParameterParsingChain.<init>(ParameterParsingChain.java:27)
	at com.thoughtworks.gauge.GaugeRuntime.dispatchMessages(GaugeRuntime.java:98)
	at com.thoughtworks.gauge.GaugeRuntime.lambda$connectSynchronously$1(GaugeRuntime.java:81)
	at java.lang.Thread.run(Thread.java:748)
Caused by: java.lang.ClassNotFoundException: org.eclipse.swt.dnd.DragSourceListener
	at java.net.URLClassLoader.findClass(URLClassLoader.java:382)
	at java.lang.ClassLoader.loadClass(ClassLoader.java:418)
	at sun.misc.Launcher$AppClassLoader.loadClass(Launcher.java:355)
	at java.lang.ClassLoader.loadClass(ClassLoader.java:351)
	at org.reflections.ReflectionUtils.forName(ReflectionUtils.java:388)
	... 7 common frames omitted
2020-01-16 18:04:16.190 [Thread-1] WARN  org.reflections.Reflections.forName(396) - could not get type for name org.eclipse.swt.events.MouseListener from any class loader
org.reflections.ReflectionsException: could not get type for name org.eclipse.swt.events.MouseListener
	at org.reflections.ReflectionUtils.forName(ReflectionUtils.java:390)
	at org.reflections.Reflections.expandSuperTypes(Reflections.java:381)
	at org.reflections.Reflections.<init>(Reflections.java:126)
	at com.thoughtworks.gauge.execution.parameters.parsers.base.ParameterParsingChain.createReflections(ParameterParsingChain.java:41)
	at com.thoughtworks.gauge.execution.parameters.parsers.base.ParameterParsingChain.<init>(ParameterParsingChain.java:27)
	at com.thoughtworks.gauge.GaugeRuntime.dispatchMessages(GaugeRuntime.java:98)
	at com.thoughtworks.gauge.GaugeRuntime.lambda$connectSynchronously$1(GaugeRuntime.java:81)
	at java.lang.Thread.run(Thread.java:748)
Caused by: java.lang.ClassNotFoundException: org.eclipse.swt.events.MouseListener
	at java.net.URLClassLoader.findClass(URLClassLoader.java:382)
	at java.lang.ClassLoader.loadClass(ClassLoader.java:418)
	at sun.misc.Launcher$AppClassLoader.loadClass(Launcher.java:355)
	at java.lang.ClassLoader.loadClass(ClassLoader.java:351)
	at org.reflections.ReflectionUtils.forName(ReflectionUtils.java:388)
	... 7 common frames omitted
2020-01-16 18:04:16.194 [Thread-1] WARN  org.reflections.Reflections.forName(396) - could not get type for name org.eclipse.swt.events.MouseTrackListener from any class loader
org.reflections.ReflectionsException: could not get type for name org.eclipse.swt.events.MouseTrackListener
	at org.reflections.ReflectionUtils.forName(ReflectionUtils.java:390)
	at org.reflections.Reflections.expandSuperTypes(Reflections.java:381)
	at org.reflections.Reflections.<init>(Reflections.java:126)
	at com.thoughtworks.gauge.execution.parameters.parsers.base.ParameterParsingChain.createReflections(ParameterParsingChain.java:41)
	at com.thoughtworks.gauge.execution.parameters.parsers.base.ParameterParsingChain.<init>(ParameterParsingChain.java:27)
	at com.thoughtworks.gauge.GaugeRuntime.dispatchMessages(GaugeRuntime.java:98)
	at com.thoughtworks.gauge.GaugeRuntime.lambda$connectSynchronously$1(GaugeRuntime.java:81)
	at java.lang.Thread.run(Thread.java:748)
Caused by: java.lang.ClassNotFoundException: org.eclipse.swt.events.MouseTrackListener
	at java.net.URLClassLoader.findClass(URLClassLoader.java:382)
	at java.lang.ClassLoader.loadClass(ClassLoader.java:418)
	at sun.misc.Launcher$AppClassLoader.loadClass(Launcher.java:355)
	at java.lang.ClassLoader.loadClass(ClassLoader.java:351)
	at org.reflections.ReflectionUtils.forName(ReflectionUtils.java:388)
	... 7 common frames omitted
2020-01-16 18:04:16.195 [Thread-1] WARN  org.reflections.Reflections.forName(396) - could not get type for name org.eclipse.swt.dnd.ByteArrayTransfer from any class loader
org.reflections.ReflectionsException: could not get type for name org.eclipse.swt.dnd.ByteArrayTransfer
	at org.reflections.ReflectionUtils.forName(ReflectionUtils.java:390)
	at org.reflections.Reflections.expandSuperTypes(Reflections.java:381)
	at org.reflections.Reflections.<init>(Reflections.java:126)
	at com.thoughtworks.gauge.execution.parameters.parsers.base.ParameterParsingChain.createReflections(ParameterParsingChain.java:41)
	at com.thoughtworks.gauge.execution.parameters.parsers.base.ParameterParsingChain.<init>(ParameterParsingChain.java:27)
	at com.thoughtworks.gauge.GaugeRuntime.dispatchMessages(GaugeRuntime.java:98)
	at com.thoughtworks.gauge.GaugeRuntime.lambda$connectSynchronously$1(GaugeRuntime.java:81)
	at java.lang.Thread.run(Thread.java:748)
Caused by: java.lang.ClassNotFoundException: org.eclipse.swt.dnd.ByteArrayTransfer
	at java.net.URLClassLoader.findClass(URLClassLoader.java:382)
	at java.lang.ClassLoader.loadClass(ClassLoader.java:418)
	at sun.misc.Launcher$AppClassLoader.loadClass(Launcher.java:355)
	at java.lang.ClassLoader.loadClass(ClassLoader.java:351)
	at org.reflections.ReflectionUtils.forName(ReflectionUtils.java:388)
	... 7 common frames omitted
2020-01-16 18:04:16.196 [Thread-1] WARN  org.reflections.Reflections.forName(396) - could not get type for name com.bea.jvm.ClassPreProcessor from any class loader
org.reflections.ReflectionsException: could not get type for name com.bea.jvm.ClassPreProcessor
	at org.reflections.ReflectionUtils.forName(ReflectionUtils.java:390)
	at org.reflections.Reflections.expandSuperTypes(Reflections.java:381)
	at org.reflections.Reflections.<init>(Reflections.java:126)
	at com.thoughtworks.gauge.execution.parameters.parsers.base.ParameterParsingChain.createReflections(ParameterParsingChain.java:41)
	at com.thoughtworks.gauge.execution.parameters.parsers.base.ParameterParsingChain.<init>(ParameterParsingChain.java:27)
	at com.thoughtworks.gauge.GaugeRuntime.dispatchMessages(GaugeRuntime.java:98)
	at com.thoughtworks.gauge.GaugeRuntime.lambda$connectSynchronously$1(GaugeRuntime.java:81)
	at java.lang.Thread.run(Thread.java:748)
Caused by: java.lang.ClassNotFoundException: com.bea.jvm.ClassPreProcessor
	at java.net.URLClassLoader.findClass(URLClassLoader.java:382)
	at java.lang.ClassLoader.loadClass(ClassLoader.java:418)
	at sun.misc.Launcher$AppClassLoader.loadClass(Launcher.java:355)
	at java.lang.ClassLoader.loadClass(ClassLoader.java:351)
	at org.reflections.ReflectionUtils.forName(ReflectionUtils.java:388)
	... 7 common frames omitted
2020-01-16 18:04:16.198 [Thread-1] WARN  org.reflections.Reflections.forName(396) - could not get type for name org.apache.commons.pool2.PooledObjectFactory from any class loader
org.reflections.ReflectionsException: could not get type for name org.apache.commons.pool2.PooledObjectFactory
	at org.reflections.ReflectionUtils.forName(ReflectionUtils.java:390)
	at org.reflections.Reflections.expandSuperTypes(Reflections.java:381)
	at org.reflections.Reflections.<init>(Reflections.java:126)
	at com.thoughtworks.gauge.execution.parameters.parsers.base.ParameterParsingChain.createReflections(ParameterParsingChain.java:41)
	at com.thoughtworks.gauge.execution.parameters.parsers.base.ParameterParsingChain.<init>(ParameterParsingChain.java:27)
	at com.thoughtworks.gauge.GaugeRuntime.dispatchMessages(GaugeRuntime.java:98)
	at com.thoughtworks.gauge.GaugeRuntime.lambda$connectSynchronously$1(GaugeRuntime.java:81)
	at java.lang.Thread.run(Thread.java:748)
Caused by: java.lang.ClassNotFoundException: org.apache.commons.pool2.PooledObjectFactory
	at java.net.URLClassLoader.findClass(URLClassLoader.java:382)
	at java.lang.ClassLoader.loadClass(ClassLoader.java:418)
	at sun.misc.Launcher$AppClassLoader.loadClass(Launcher.java:355)
	at java.lang.ClassLoader.loadClass(ClassLoader.java:351)
	at org.reflections.ReflectionUtils.forName(ReflectionUtils.java:388)
	... 7 common frames omitted
2020-01-16 18:04:16.218 [Thread-1] WARN  org.reflections.Reflections.forName(396) - could not get type for name org.hibernate.validator.spi.resourceloading.ResourceBundleLocator from any class loader
org.reflections.ReflectionsException: could not get type for name org.hibernate.validator.spi.resourceloading.ResourceBundleLocator
	at org.reflections.ReflectionUtils.forName(ReflectionUtils.java:390)
	at org.reflections.Reflections.expandSuperTypes(Reflections.java:381)
	at org.reflections.Reflections.<init>(Reflections.java:126)
	at com.thoughtworks.gauge.execution.parameters.parsers.base.ParameterParsingChain.createReflections(ParameterParsingChain.java:41)
	at com.thoughtworks.gauge.execution.parameters.parsers.base.ParameterParsingChain.<init>(ParameterParsingChain.java:27)
	at com.thoughtworks.gauge.GaugeRuntime.dispatchMessages(GaugeRuntime.java:98)
	at com.thoughtworks.gauge.GaugeRuntime.lambda$connectSynchronously$1(GaugeRuntime.java:81)
	at java.lang.Thread.run(Thread.java:748)
Caused by: java.lang.ClassNotFoundException: org.hibernate.validator.spi.resourceloading.ResourceBundleLocator
	at java.net.URLClassLoader.findClass(URLClassLoader.java:382)
	at java.lang.ClassLoader.loadClass(ClassLoader.java:418)
	at sun.misc.Launcher$AppClassLoader.loadClass(Launcher.java:355)
	at java.lang.ClassLoader.loadClass(ClassLoader.java:351)
	at org.reflections.ReflectionUtils.forName(ReflectionUtils.java:388)
	... 7 common frames omitted
2020-01-16 18:04:16.221 [Thread-1] WARN  org.reflections.Reflections.forName(396) - could not get type for name groovy.lang.GroovyObjectSupport from any class loader
org.reflections.ReflectionsException: could not get type for name groovy.lang.GroovyObjectSupport
	at org.reflections.ReflectionUtils.forName(ReflectionUtils.java:390)
	at org.reflections.Reflections.expandSuperTypes(Reflections.java:381)
	at org.reflections.Reflections.<init>(Reflections.java:126)
	at com.thoughtworks.gauge.execution.parameters.parsers.base.ParameterParsingChain.createReflections(ParameterParsingChain.java:41)
	at com.thoughtworks.gauge.execution.parameters.parsers.base.ParameterParsingChain.<init>(ParameterParsingChain.java:27)
	at com.thoughtworks.gauge.GaugeRuntime.dispatchMessages(GaugeRuntime.java:98)
	at com.thoughtworks.gauge.GaugeRuntime.lambda$connectSynchronously$1(GaugeRuntime.java:81)
	at java.lang.Thread.run(Thread.java:748)
Caused by: java.lang.ClassNotFoundException: groovy.lang.GroovyObjectSupport
	at java.net.URLClassLoader.findClass(URLClassLoader.java:382)
	at java.lang.ClassLoader.loadClass(ClassLoader.java:418)
	at sun.misc.Launcher$AppClassLoader.loadClass(Launcher.java:355)
	at java.lang.ClassLoader.loadClass(ClassLoader.java:351)
	at org.reflections.ReflectionUtils.forName(ReflectionUtils.java:388)
	... 7 common frames omitted
2020-01-16 18:04:16.223 [Thread-1] WARN  org.reflections.Reflections.forName(396) - could not get type for name org.eclipse.swt.widgets.Canvas from any class loader
org.reflections.ReflectionsException: could not get type for name org.eclipse.swt.widgets.Canvas
	at org.reflections.ReflectionUtils.forName(ReflectionUtils.java:390)
	at org.reflections.Reflections.expandSuperTypes(Reflections.java:381)
	at org.reflections.Reflections.<init>(Reflections.java:126)
	at com.thoughtworks.gauge.execution.parameters.parsers.base.ParameterParsingChain.createReflections(ParameterParsingChain.java:41)
	at com.thoughtworks.gauge.execution.parameters.parsers.base.ParameterParsingChain.<init>(ParameterParsingChain.java:27)
	at com.thoughtworks.gauge.GaugeRuntime.dispatchMessages(GaugeRuntime.java:98)
	at com.thoughtworks.gauge.GaugeRuntime.lambda$connectSynchronously$1(GaugeRuntime.java:81)
	at java.lang.Thread.run(Thread.java:748)
Caused by: java.lang.ClassNotFoundException: org.eclipse.swt.widgets.Canvas
	at java.net.URLClassLoader.findClass(URLClassLoader.java:382)
	at java.lang.ClassLoader.loadClass(ClassLoader.java:418)
	at sun.misc.Launcher$AppClassLoader.loadClass(Launcher.java:355)
	at java.lang.ClassLoader.loadClass(ClassLoader.java:351)
	at org.reflections.ReflectionUtils.forName(ReflectionUtils.java:388)
	... 7 common frames omitted
2020-01-16 18:04:16.225 [Thread-1] WARN  org.reflections.Reflections.forName(396) - could not get type for name org.junit.jupiter.api.extension.AfterEachCallback from any class loader
org.reflections.ReflectionsException: could not get type for name org.junit.jupiter.api.extension.AfterEachCallback
	at org.reflections.ReflectionUtils.forName(ReflectionUtils.java:390)
	at org.reflections.Reflections.expandSuperTypes(Reflections.java:381)
	at org.reflections.Reflections.<init>(Reflections.java:126)
	at com.thoughtworks.gauge.execution.parameters.parsers.base.ParameterParsingChain.createReflections(ParameterParsingChain.java:41)
	at com.thoughtworks.gauge.execution.parameters.parsers.base.ParameterParsingChain.<init>(ParameterParsingChain.java:27)
	at com.thoughtworks.gauge.GaugeRuntime.dispatchMessages(GaugeRuntime.java:98)
	at com.thoughtworks.gauge.GaugeRuntime.lambda$connectSynchronously$1(GaugeRuntime.java:81)
	at java.lang.Thread.run(Thread.java:748)
Caused by: java.lang.ClassNotFoundException: org.junit.jupiter.api.extension.AfterEachCallback
	at java.net.URLClassLoader.findClass(URLClassLoader.java:382)
	at java.lang.ClassLoader.loadClass(ClassLoader.java:418)
	at sun.misc.Launcher$AppClassLoader.loadClass(Launcher.java:355)
	at java.lang.ClassLoader.loadClass(ClassLoader.java:351)
	at org.reflections.ReflectionUtils.forName(ReflectionUtils.java:388)
	... 7 common frames omitted
2020-01-16 18:04:16.228 [Thread-1] WARN  org.reflections.Reflections.forName(396) - could not get type for name javax.servlet.ServletContainerInitializer from any class loader
org.reflections.ReflectionsException: could not get type for name javax.servlet.ServletContainerInitializer
	at org.reflections.ReflectionUtils.forName(ReflectionUtils.java:390)
	at org.reflections.Reflections.expandSuperTypes(Reflections.java:381)
	at org.reflections.Reflections.<init>(Reflections.java:126)
	at com.thoughtworks.gauge.execution.parameters.parsers.base.ParameterParsingChain.createReflections(ParameterParsingChain.java:41)
	at com.thoughtworks.gauge.execution.parameters.parsers.base.ParameterParsingChain.<init>(ParameterParsingChain.java:27)
	at com.thoughtworks.gauge.GaugeRuntime.dispatchMessages(GaugeRuntime.java:98)
	at com.thoughtworks.gauge.GaugeRuntime.lambda$connectSynchronously$1(GaugeRuntime.java:81)
	at java.lang.Thread.run(Thread.java:748)
Caused by: java.lang.ClassNotFoundException: javax.servlet.ServletContainerInitializer
	at java.net.URLClassLoader.findClass(URLClassLoader.java:382)
	at java.lang.ClassLoader.loadClass(ClassLoader.java:418)
	at sun.misc.Launcher$AppClassLoader.loadClass(Launcher.java:355)
	at java.lang.ClassLoader.loadClass(ClassLoader.java:351)
	at org.reflections.ReflectionUtils.forName(ReflectionUtils.java:388)
	... 7 common frames omitted
2020-01-16 18:04:16.231 [Thread-1] WARN  org.reflections.Reflections.forName(396) - could not get type for name javax.validation.ParameterNameProvider from any class loader
org.reflections.ReflectionsException: could not get type for name javax.validation.ParameterNameProvider
	at org.reflections.ReflectionUtils.forName(ReflectionUtils.java:390)
	at org.reflections.Reflections.expandSuperTypes(Reflections.java:381)
	at org.reflections.Reflections.<init>(Reflections.java:126)
	at com.thoughtworks.gauge.execution.parameters.parsers.base.ParameterParsingChain.createReflections(ParameterParsingChain.java:41)
	at com.thoughtworks.gauge.execution.parameters.parsers.base.ParameterParsingChain.<init>(ParameterParsingChain.java:27)
	at com.thoughtworks.gauge.GaugeRuntime.dispatchMessages(GaugeRuntime.java:98)
	at com.thoughtworks.gauge.GaugeRuntime.lambda$connectSynchronously$1(GaugeRuntime.java:81)
	at java.lang.Thread.run(Thread.java:748)
Caused by: java.lang.ClassNotFoundException: javax.validation.ParameterNameProvider
	at java.net.URLClassLoader.findClass(URLClassLoader.java:382)
	at java.lang.ClassLoader.loadClass(ClassLoader.java:418)
	at sun.misc.Launcher$AppClassLoader.loadClass(Launcher.java:355)
	at java.lang.ClassLoader.loadClass(ClassLoader.java:351)
	at org.reflections.ReflectionUtils.forName(ReflectionUtils.java:388)
	... 7 common frames omitted
2020-01-16 18:04:16.233 [Thread-1] WARN  org.reflections.Reflections.forName(396) - could not get type for name groovy.lang.GroovyObject from any class loader
org.reflections.ReflectionsException: could not get type for name groovy.lang.GroovyObject
	at org.reflections.ReflectionUtils.forName(ReflectionUtils.java:390)
	at org.reflections.Reflections.expandSuperTypes(Reflections.java:381)
	at org.reflections.Reflections.<init>(Reflections.java:126)
	at com.thoughtworks.gauge.execution.parameters.parsers.base.ParameterParsingChain.createReflections(ParameterParsingChain.java:41)
	at com.thoughtworks.gauge.execution.parameters.parsers.base.ParameterParsingChain.<init>(ParameterParsingChain.java:27)
	at com.thoughtworks.gauge.GaugeRuntime.dispatchMessages(GaugeRuntime.java:98)
	at com.thoughtworks.gauge.GaugeRuntime.lambda$connectSynchronously$1(GaugeRuntime.java:81)
	at java.lang.Thread.run(Thread.java:748)
Caused by: java.lang.ClassNotFoundException: groovy.lang.GroovyObject
	at java.net.URLClassLoader.findClass(URLClassLoader.java:382)
	at java.lang.ClassLoader.loadClass(ClassLoader.java:418)
	at sun.misc.Launcher$AppClassLoader.loadClass(Launcher.java:355)
	at java.lang.ClassLoader.loadClass(ClassLoader.java:351)
	at org.reflections.ReflectionUtils.forName(ReflectionUtils.java:388)
	... 7 common frames omitted
2020-01-16 18:04:16.235 [Thread-1] WARN  org.reflections.Reflections.forName(396) - could not get type for name groovy.lang.Closure from any class loader
org.reflections.ReflectionsException: could not get type for name groovy.lang.Closure
	at org.reflections.ReflectionUtils.forName(ReflectionUtils.java:390)
	at org.reflections.Reflections.expandSuperTypes(Reflections.java:381)
	at org.reflections.Reflections.<init>(Reflections.java:126)
	at com.thoughtworks.gauge.execution.parameters.parsers.base.ParameterParsingChain.createReflections(ParameterParsingChain.java:41)
	at com.thoughtworks.gauge.execution.parameters.parsers.base.ParameterParsingChain.<init>(ParameterParsingChain.java:27)
	at com.thoughtworks.gauge.GaugeRuntime.dispatchMessages(GaugeRuntime.java:98)
	at com.thoughtworks.gauge.GaugeRuntime.lambda$connectSynchronously$1(GaugeRuntime.java:81)
	at java.lang.Thread.run(Thread.java:748)
Caused by: java.lang.ClassNotFoundException: groovy.lang.Closure
	at java.net.URLClassLoader.findClass(URLClassLoader.java:382)
	at java.lang.ClassLoader.loadClass(ClassLoader.java:418)
	at sun.misc.Launcher$AppClassLoader.loadClass(Launcher.java:355)
	at java.lang.ClassLoader.loadClass(ClassLoader.java:351)
	at org.reflections.ReflectionUtils.forName(ReflectionUtils.java:388)
	... 7 common frames omitted
2020-01-16 18:04:16.238 [Thread-1] WARN  org.reflections.Reflections.forName(396) - could not get type for name javax.validation.ValidatorFactory from any class loader
org.reflections.ReflectionsException: could not get type for name javax.validation.ValidatorFactory
	at org.reflections.ReflectionUtils.forName(ReflectionUtils.java:390)
	at org.reflections.Reflections.expandSuperTypes(Reflections.java:381)
	at org.reflections.Reflections.<init>(Reflections.java:126)
	at com.thoughtworks.gauge.execution.parameters.parsers.base.ParameterParsingChain.createReflections(ParameterParsingChain.java:41)
	at com.thoughtworks.gauge.execution.parameters.parsers.base.ParameterParsingChain.<init>(ParameterParsingChain.java:27)
	at com.thoughtworks.gauge.GaugeRuntime.dispatchMessages(GaugeRuntime.java:98)
	at com.thoughtworks.gauge.GaugeRuntime.lambda$connectSynchronously$1(GaugeRuntime.java:81)
	at java.lang.Thread.run(Thread.java:748)
Caused by: java.lang.ClassNotFoundException: javax.validation.ValidatorFactory
	at java.net.URLClassLoader.findClass(URLClassLoader.java:382)
	at java.lang.ClassLoader.loadClass(ClassLoader.java:418)
	at sun.misc.Launcher$AppClassLoader.loadClass(Launcher.java:355)
	at java.lang.ClassLoader.loadClass(ClassLoader.java:351)
	at org.reflections.ReflectionUtils.forName(ReflectionUtils.java:388)
	... 7 common frames omitted
2020-01-16 18:04:16.239 [Thread-1] WARN  org.reflections.Reflections.forName(396) - could not get type for name javax.validation.ConstraintValidatorFactory from any class loader
org.reflections.ReflectionsException: could not get type for name javax.validation.ConstraintValidatorFactory
	at org.reflections.ReflectionUtils.forName(ReflectionUtils.java:390)
	at org.reflections.Reflections.expandSuperTypes(Reflections.java:381)
	at org.reflections.Reflections.<init>(Reflections.java:126)
	at com.thoughtworks.gauge.execution.parameters.parsers.base.ParameterParsingChain.createReflections(ParameterParsingChain.java:41)
	at com.thoughtworks.gauge.execution.parameters.parsers.base.ParameterParsingChain.<init>(ParameterParsingChain.java:27)
	at com.thoughtworks.gauge.GaugeRuntime.dispatchMessages(GaugeRuntime.java:98)
	at com.thoughtworks.gauge.GaugeRuntime.lambda$connectSynchronously$1(GaugeRuntime.java:81)
	at java.lang.Thread.run(Thread.java:748)
Caused by: java.lang.ClassNotFoundException: javax.validation.ConstraintValidatorFactory
	at java.net.URLClassLoader.findClass(URLClassLoader.java:382)
	at java.lang.ClassLoader.loadClass(ClassLoader.java:418)
	at sun.misc.Launcher$AppClassLoader.loadClass(Launcher.java:355)
	at java.lang.ClassLoader.loadClass(ClassLoader.java:351)
	at org.reflections.ReflectionUtils.forName(ReflectionUtils.java:388)
	... 7 common frames omitted
2020-01-16 18:04:16.239 [Thread-1] WARN  org.reflections.Reflections.forName(396) - could not get type for name org.eclipse.swt.events.DisposeListener from any class loader
org.reflections.ReflectionsException: could not get type for name org.eclipse.swt.events.DisposeListener
	at org.reflections.ReflectionUtils.forName(ReflectionUtils.java:390)
	at org.reflections.Reflections.expandSuperTypes(Reflections.java:381)
	at org.reflections.Reflections.<init>(Reflections.java:126)
	at com.thoughtworks.gauge.execution.parameters.parsers.base.ParameterParsingChain.createReflections(ParameterParsingChain.java:41)
	at com.thoughtworks.gauge.execution.parameters.parsers.base.ParameterParsingChain.<init>(ParameterParsingChain.java:27)
	at com.thoughtworks.gauge.GaugeRuntime.dispatchMessages(GaugeRuntime.java:98)
	at com.thoughtworks.gauge.GaugeRuntime.lambda$connectSynchronously$1(GaugeRuntime.java:81)
	at java.lang.Thread.run(Thread.java:748)
Caused by: java.lang.ClassNotFoundException: org.eclipse.swt.events.DisposeListener
	at java.net.URLClassLoader.findClass(URLClassLoader.java:382)
	at java.lang.ClassLoader.loadClass(ClassLoader.java:418)
	at sun.misc.Launcher$AppClassLoader.loadClass(Launcher.java:355)
	at java.lang.ClassLoader.loadClass(ClassLoader.java:351)
	at org.reflections.ReflectionUtils.forName(ReflectionUtils.java:388)
	... 7 common frames omitted
2020-01-16 18:04:16.240 [Thread-1] WARN  org.reflections.Reflections.forName(396) - could not get type for name net.bytebuddy.jar.asm.tree.MethodNode from any class loader
org.reflections.ReflectionsException: could not get type for name net.bytebuddy.jar.asm.tree.MethodNode
	at org.reflections.ReflectionUtils.forName(ReflectionUtils.java:390)
	at org.reflections.Reflections.expandSuperTypes(Reflections.java:381)
	at org.reflections.Reflections.<init>(Reflections.java:126)
	at com.thoughtworks.gauge.execution.parameters.parsers.base.ParameterParsingChain.createReflections(ParameterParsingChain.java:41)
	at com.thoughtworks.gauge.execution.parameters.parsers.base.ParameterParsingChain.<init>(ParameterParsingChain.java:27)
	at com.thoughtworks.gauge.GaugeRuntime.dispatchMessages(GaugeRuntime.java:98)
	at com.thoughtworks.gauge.GaugeRuntime.lambda$connectSynchronously$1(GaugeRuntime.java:81)
	at java.lang.Thread.run(Thread.java:748)
Caused by: java.lang.ClassNotFoundException: net.bytebuddy.jar.asm.tree.MethodNode
	at java.net.URLClassLoader.findClass(URLClassLoader.java:382)
	at java.lang.ClassLoader.loadClass(ClassLoader.java:418)
	at sun.misc.Launcher$AppClassLoader.loadClass(Launcher.java:355)
	at java.lang.ClassLoader.loadClass(ClassLoader.java:351)
	at org.reflections.ReflectionUtils.forName(ReflectionUtils.java:388)
	... 7 common frames omitted
2020-01-16 18:04:16.243 [Thread-1] WARN  org.reflections.Reflections.forName(396) - could not get type for name org.eclipse.swt.dnd.DropTargetListener from any class loader
org.reflections.ReflectionsException: could not get type for name org.eclipse.swt.dnd.DropTargetListener
	at org.reflections.ReflectionUtils.forName(ReflectionUtils.java:390)
	at org.reflections.Reflections.expandSuperTypes(Reflections.java:381)
	at org.reflections.Reflections.<init>(Reflections.java:126)
	at com.thoughtworks.gauge.execution.parameters.parsers.base.ParameterParsingChain.createReflections(ParameterParsingChain.java:41)
	at com.thoughtworks.gauge.execution.parameters.parsers.base.ParameterParsingChain.<init>(ParameterParsingChain.java:27)
	at com.thoughtworks.gauge.GaugeRuntime.dispatchMessages(GaugeRuntime.java:98)
	at com.thoughtworks.gauge.GaugeRuntime.lambda$connectSynchronously$1(GaugeRuntime.java:81)
	at java.lang.Thread.run(Thread.java:748)
Caused by: java.lang.ClassNotFoundException: org.eclipse.swt.dnd.DropTargetListener
	at java.net.URLClassLoader.findClass(URLClassLoader.java:382)
	at java.lang.ClassLoader.loadClass(ClassLoader.java:418)
	at sun.misc.Launcher$AppClassLoader.loadClass(Launcher.java:355)
	at java.lang.ClassLoader.loadClass(ClassLoader.java:351)
	at org.reflections.ReflectionUtils.forName(ReflectionUtils.java:388)
	... 7 common frames omitted
2020-01-16 18:04:16.244 [Thread-1] WARN  org.reflections.Reflections.forName(396) - could not get type for name groovy.lang.Binding from any class loader
org.reflections.ReflectionsException: could not get type for name groovy.lang.Binding
	at org.reflections.ReflectionUtils.forName(ReflectionUtils.java:390)
	at org.reflections.Reflections.expandSuperTypes(Reflections.java:381)
	at org.reflections.Reflections.<init>(Reflections.java:126)
	at com.thoughtworks.gauge.execution.parameters.parsers.base.ParameterParsingChain.createReflections(ParameterParsingChain.java:41)
	at com.thoughtworks.gauge.execution.parameters.parsers.base.ParameterParsingChain.<init>(ParameterParsingChain.java:27)
	at com.thoughtworks.gauge.GaugeRuntime.dispatchMessages(GaugeRuntime.java:98)
	at com.thoughtworks.gauge.GaugeRuntime.lambda$connectSynchronously$1(GaugeRuntime.java:81)
	at java.lang.Thread.run(Thread.java:748)
Caused by: java.lang.ClassNotFoundException: groovy.lang.Binding
	at java.net.URLClassLoader.findClass(URLClassLoader.java:382)
	at java.lang.ClassLoader.loadClass(ClassLoader.java:418)
	at sun.misc.Launcher$AppClassLoader.loadClass(Launcher.java:355)
	at java.lang.ClassLoader.loadClass(ClassLoader.java:351)
	at org.reflections.ReflectionUtils.forName(ReflectionUtils.java:388)
	... 7 common frames omitted
2020-01-16 18:04:16.246 [Thread-1] WARN  org.reflections.Reflections.forName(396) - could not get type for name reactor.core.publisher.BaseSubscriber from any class loader
org.reflections.ReflectionsException: could not get type for name reactor.core.publisher.BaseSubscriber
	at org.reflections.ReflectionUtils.forName(ReflectionUtils.java:390)
	at org.reflections.Reflections.expandSuperTypes(Reflections.java:381)
	at org.reflections.Reflections.<init>(Reflections.java:126)
	at com.thoughtworks.gauge.execution.parameters.parsers.base.ParameterParsingChain.createReflections(ParameterParsingChain.java:41)
	at com.thoughtworks.gauge.execution.parameters.parsers.base.ParameterParsingChain.<init>(ParameterParsingChain.java:27)
	at com.thoughtworks.gauge.GaugeRuntime.dispatchMessages(GaugeRuntime.java:98)
	at com.thoughtworks.gauge.GaugeRuntime.lambda$connectSynchronously$1(GaugeRuntime.java:81)
	at java.lang.Thread.run(Thread.java:748)
Caused by: java.lang.ClassNotFoundException: reactor.core.publisher.BaseSubscriber
	at java.net.URLClassLoader.findClass(URLClassLoader.java:382)
	at java.lang.ClassLoader.loadClass(ClassLoader.java:418)
	at sun.misc.Launcher$AppClassLoader.loadClass(Launcher.java:355)
	at java.lang.ClassLoader.loadClass(ClassLoader.java:351)
	at org.reflections.ReflectionUtils.forName(ReflectionUtils.java:388)
	... 7 common frames omitted
2020-01-16 18:04:16.246 [Thread-1] WARN  org.reflections.Reflections.forName(396) - could not get type for name org.aspectj.apache.bcel.classfile.tests.BcelTestCase from any class loader
org.reflections.ReflectionsException: could not get type for name org.aspectj.apache.bcel.classfile.tests.BcelTestCase
	at org.reflections.ReflectionUtils.forName(ReflectionUtils.java:390)
	at org.reflections.Reflections.expandSuperTypes(Reflections.java:381)
	at org.reflections.Reflections.<init>(Reflections.java:126)
	at com.thoughtworks.gauge.execution.parameters.parsers.base.ParameterParsingChain.createReflections(ParameterParsingChain.java:41)
	at com.thoughtworks.gauge.execution.parameters.parsers.base.ParameterParsingChain.<init>(ParameterParsingChain.java:27)
	at com.thoughtworks.gauge.GaugeRuntime.dispatchMessages(GaugeRuntime.java:98)
	at com.thoughtworks.gauge.GaugeRuntime.lambda$connectSynchronously$1(GaugeRuntime.java:81)
	at java.lang.Thread.run(Thread.java:748)
Caused by: java.lang.ClassNotFoundException: org.aspectj.apache.bcel.classfile.tests.BcelTestCase
	at java.net.URLClassLoader.findClass(URLClassLoader.java:382)
	at java.lang.ClassLoader.loadClass(ClassLoader.java:418)
	at sun.misc.Launcher$AppClassLoader.loadClass(Launcher.java:355)
	at java.lang.ClassLoader.loadClass(ClassLoader.java:351)
	at org.reflections.ReflectionUtils.forName(ReflectionUtils.java:388)
	... 7 common frames omitted
2020-01-16 18:04:16.248 [Thread-1] WARN  org.reflections.Reflections.forName(396) - could not get type for name org.eclipse.swt.events.KeyListener from any class loader
org.reflections.ReflectionsException: could not get type for name org.eclipse.swt.events.KeyListener
	at org.reflections.ReflectionUtils.forName(ReflectionUtils.java:390)
	at org.reflections.Reflections.expandSuperTypes(Reflections.java:381)
	at org.reflections.Reflections.<init>(Reflections.java:126)
	at com.thoughtworks.gauge.execution.parameters.parsers.base.ParameterParsingChain.createReflections(ParameterParsingChain.java:41)
	at com.thoughtworks.gauge.execution.parameters.parsers.base.ParameterParsingChain.<init>(ParameterParsingChain.java:27)
	at com.thoughtworks.gauge.GaugeRuntime.dispatchMessages(GaugeRuntime.java:98)
	at com.thoughtworks.gauge.GaugeRuntime.lambda$connectSynchronously$1(GaugeRuntime.java:81)
	at java.lang.Thread.run(Thread.java:748)
Caused by: java.lang.ClassNotFoundException: org.eclipse.swt.events.KeyListener
	at java.net.URLClassLoader.findClass(URLClassLoader.java:382)
	at java.lang.ClassLoader.loadClass(ClassLoader.java:418)
	at sun.misc.Launcher$AppClassLoader.loadClass(Launcher.java:355)
	at java.lang.ClassLoader.loadClass(ClassLoader.java:351)
	at org.reflections.ReflectionUtils.forName(ReflectionUtils.java:388)
	... 7 common frames omitted
2020-01-16 18:04:16.249 [Thread-1] WARN  org.reflections.Reflections.forName(396) - could not get type for name javax.enterprise.concurrent.Trigger from any class loader
org.reflections.ReflectionsException: could not get type for name javax.enterprise.concurrent.Trigger
	at org.reflections.ReflectionUtils.forName(ReflectionUtils.java:390)
	at org.reflections.Reflections.expandSuperTypes(Reflections.java:381)
	at org.reflections.Reflections.<init>(Reflections.java:126)
	at com.thoughtworks.gauge.execution.parameters.parsers.base.ParameterParsingChain.createReflections(ParameterParsingChain.java:41)
	at com.thoughtworks.gauge.execution.parameters.parsers.base.ParameterParsingChain.<init>(ParameterParsingChain.java:27)
	at com.thoughtworks.gauge.GaugeRuntime.dispatchMessages(GaugeRuntime.java:98)
	at com.thoughtworks.gauge.GaugeRuntime.lambda$connectSynchronously$1(GaugeRuntime.java:81)
	at java.lang.Thread.run(Thread.java:748)
Caused by: java.lang.ClassNotFoundException: javax.enterprise.concurrent.Trigger
	at java.net.URLClassLoader.findClass(URLClassLoader.java:382)
	at java.lang.ClassLoader.loadClass(ClassLoader.java:418)
	at sun.misc.Launcher$AppClassLoader.loadClass(Launcher.java:355)
	at java.lang.ClassLoader.loadClass(ClassLoader.java:351)
	at org.reflections.ReflectionUtils.forName(ReflectionUtils.java:388)
	... 7 common frames omitted
2020-01-16 18:04:16.251 [Thread-1] WARN  org.reflections.Reflections.forName(396) - could not get type for name org.eclipse.swt.events.FocusListener from any class loader
org.reflections.ReflectionsException: could not get type for name org.eclipse.swt.events.FocusListener
	at org.reflections.ReflectionUtils.forName(ReflectionUtils.java:390)
	at org.reflections.Reflections.expandSuperTypes(Reflections.java:381)
	at org.reflections.Reflections.<init>(Reflections.java:126)
	at com.thoughtworks.gauge.execution.parameters.parsers.base.ParameterParsingChain.createReflections(ParameterParsingChain.java:41)
	at com.thoughtworks.gauge.execution.parameters.parsers.base.ParameterParsingChain.<init>(ParameterParsingChain.java:27)
	at com.thoughtworks.gauge.GaugeRuntime.dispatchMessages(GaugeRuntime.java:98)
	at com.thoughtworks.gauge.GaugeRuntime.lambda$connectSynchronously$1(GaugeRuntime.java:81)
	at java.lang.Thread.run(Thread.java:748)
Caused by: java.lang.ClassNotFoundException: org.eclipse.swt.events.FocusListener
	at java.net.URLClassLoader.findClass(URLClassLoader.java:382)
	at java.lang.ClassLoader.loadClass(ClassLoader.java:418)
	at sun.misc.Launcher$AppClassLoader.loadClass(Launcher.java:355)
	at java.lang.ClassLoader.loadClass(ClassLoader.java:351)
	at org.reflections.ReflectionUtils.forName(ReflectionUtils.java:388)
	... 7 common frames omitted
2020-01-16 18:04:16.252 [Thread-1] WARN  org.reflections.Reflections.forName(396) - could not get type for name javax.inject.Provider from any class loader
org.reflections.ReflectionsException: could not get type for name javax.inject.Provider
	at org.reflections.ReflectionUtils.forName(ReflectionUtils.java:390)
	at org.reflections.Reflections.expandSuperTypes(Reflections.java:381)
	at org.reflections.Reflections.<init>(Reflections.java:126)
	at com.thoughtworks.gauge.execution.parameters.parsers.base.ParameterParsingChain.createReflections(ParameterParsingChain.java:41)
	at com.thoughtworks.gauge.execution.parameters.parsers.base.ParameterParsingChain.<init>(ParameterParsingChain.java:27)
	at com.thoughtworks.gauge.GaugeRuntime.dispatchMessages(GaugeRuntime.java:98)
	at com.thoughtworks.gauge.GaugeRuntime.lambda$connectSynchronously$1(GaugeRuntime.java:81)
	at java.lang.Thread.run(Thread.java:748)
Caused by: java.lang.ClassNotFoundException: javax.inject.Provider
	at java.net.URLClassLoader.findClass(URLClassLoader.java:382)
	at java.lang.ClassLoader.loadClass(ClassLoader.java:418)
	at sun.misc.Launcher$AppClassLoader.loadClass(Launcher.java:355)
	at java.lang.ClassLoader.loadClass(ClassLoader.java:351)
	at org.reflections.ReflectionUtils.forName(ReflectionUtils.java:388)
	... 7 common frames omitted
